# JRE version: Java(TM) SE Runtime Environment (8.0_201-b09) (build 1.8.0_201-b09)
# Java VM: Java HotSpot(TM) 64-Bit Server VM (25.201-b09 mixed mode windows-amd64 compressed oops)
Heap:
 PSYoungGen      total 277504K, used 140311K [0x000000076b700000, 0x0000000783080000, 0x00000007c0000000)
  eden space 276480K, 50% used [0x000000076b700000,0x0000000773f37820,0x000000077c500000)
  from space 1024K, 80% used [0x0000000782f80000,0x000000078304e720,0x0000000783080000)
  to   space 9216K, 0% used [0x0000000781e80000,0x0000000781e80000,0x0000000782780000)
 ParOldGen       total 161792K, used 18764K [0x00000006c2400000, 0x00000006cc200000, 0x000000076b700000)
  object space 161792K, 11% used [0x00000006c2400000,0x00000006c36533f8,0x00000006cc200000)
 Metaspace       used 43143K, capacity 45978K, committed 46208K, reserved 1089536K
  class space    used 5237K, capacity 5759K, committed 5760K, reserved 1048576K
GC Heap History (10 events):
Event: 46.440 GC heap before
{Heap before GC invocations=32 (full 2):
 PSYoungGen      total 329216K, used 328998K [0x000000076b700000, 0x0000000784d00000, 0x00000007c0000000)
  eden space 327680K, 100% used [0x000000076b700000,0x000000077f700000,0x000000077f700000)
  from space 1536K, 85% used [0x0000000783800000,0x00000007839499e8,0x0000000783980000)
  to   space 11264K, 0% used [0x0000000784200000,0x0000000784200000,0x0000000784d00000)
 ParOldGen       total 161792K, used 18532K [0x00000006c2400000, 0x00000006cc200000, 0x000000076b700000)
  object space 161792K, 11% used [0x00000006c2400000,0x00000006c36193f8,0x00000006cc200000)
 Metaspace       used 43120K, capacity 45976K, committed 46208K, reserved 1089536K
  class space    used 5233K, capacity 5758K, committed 5760K, reserved 1048576K
Event: 46.442 GC heap after
Heap after GC invocations=32 (full 2):
 PSYoungGen      total 317440K, used 1017K [0x000000076b700000, 0x0000000784300000, 0x00000007c0000000)
  eden space 316416K, 0% used [0x000000076b700000,0x000000076b700000,0x000000077ec00000)
  from space 1024K, 99% used [0x0000000784200000,0x00000007842fe720,0x0000000784300000)
  to   space 10752K, 0% used [0x0000000782e00000,0x0000000782e00000,0x0000000783880000)
 ParOldGen       total 161792K, used 18572K [0x00000006c2400000, 0x00000006cc200000, 0x000000076b700000)
  object space 161792K, 11% used [0x00000006c2400000,0x00000006c36233f8,0x00000006cc200000)
 Metaspace       used 43120K, capacity 45976K, committed 46208K, reserved 1089536K
  class space    used 5233K, capacity 5758K, committed 5760K, reserved 1048576K
}
Event: 47.775 GC heap before
{Heap before GC invocations=33 (full 2):
 PSYoungGen      total 317440K, used 317433K [0x000000076b700000, 0x0000000784300000, 0x00000007c0000000)
  eden space 316416K, 100% used [0x000000076b700000,0x000000077ec00000,0x000000077ec00000)
  from space 1024K, 99% used [0x0000000784200000,0x00000007842fe720,0x0000000784300000)
  to   space 10752K, 0% used [0x0000000782e00000,0x0000000782e00000,0x0000000783880000)
 ParOldGen       total 161792K, used 18572K [0x00000006c2400000, 0x00000006cc200000, 0x000000076b700000)
  object space 161792K, 11% used [0x00000006c2400000,0x00000006c36233f8,0x00000006cc200000)
 Metaspace       used 43120K, capacity 45976K, committed 46208K, reserved 1089536K
  class space    used 5233K, capacity 5758K, committed 5760K, reserved 1048576K
Event: 47.777 GC heap after
Heap after GC invocations=33 (full 2):
 PSYoungGen      total 316416K, used 1222K [0x000000076b700000, 0x0000000784280000, 0x00000007c0000000)
  eden space 305664K, 0% used [0x000000076b700000,0x000000076b700000,0x000000077e180000)
  from space 10752K, 11% used [0x0000000782e00000,0x0000000782f319e8,0x0000000783880000)
  to   space 10240K, 0% used [0x0000000783880000,0x0000000783880000,0x0000000784280000)
 ParOldGen       total 161792K, used 18612K [0x00000006c2400000, 0x00000006cc200000, 0x000000076b700000)
  object space 161792K, 11% used [0x00000006c2400000,0x00000006c362d3f8,0x00000006cc200000)
 Metaspace       used 43120K, capacity 45976K, committed 46208K, reserved 1089536K
  class space    used 5233K, capacity 5758K, committed 5760K, reserved 1048576K
}
Event: 50.806 GC heap before
{Heap before GC invocations=34 (full 2):
 PSYoungGen      total 316416K, used 306886K [0x000000076b700000, 0x0000000784280000, 0x00000007c0000000)
  eden space 305664K, 100% used [0x000000076b700000,0x000000077e180000,0x000000077e180000)
  from space 10752K, 11% used [0x0000000782e00000,0x0000000782f319e8,0x0000000783880000)
  to   space 10240K, 0% used [0x0000000783880000,0x0000000783880000,0x0000000784280000)
 ParOldGen       total 161792K, used 18612K [0x00000006c2400000, 0x00000006cc200000, 0x000000076b700000)
  object space 161792K, 11% used [0x00000006c2400000,0x00000006c362d3f8,0x00000006cc200000)
 Metaspace       used 43124K, capacity 45976K, committed 46208K, reserved 1089536K
  class space    used 5233K, capacity 5758K, committed 5760K, reserved 1048576K
Event: 50.809 GC heap after
Heap after GC invocations=34 (full 2):
 PSYoungGen      total 296448K, used 985K [0x000000076b700000, 0x0000000783980000, 0x00000007c0000000)
  eden space 295424K, 0% used [0x000000076b700000,0x000000076b700000,0x000000077d780000)
  from space 1024K, 96% used [0x0000000783880000,0x0000000783976720,0x0000000783980000)
  to   space 10240K, 0% used [0x0000000782580000,0x0000000782580000,0x0000000782f80000)
 ParOldGen       total 161792K, used 18708K [0x00000006c2400000, 0x00000006cc200000, 0x000000076b700000)
  object space 161792K, 11% used [0x00000006c2400000,0x00000006c36453f8,0x00000006cc200000)
 Metaspace       used 43124K, capacity 45976K, committed 46208K, reserved 1089536K
  class space    used 5233K, capacity 5758K, committed 5760K, reserved 1048576K
}
Event: 52.488 GC heap before
{Heap before GC invocations=35 (full 2):
 PSYoungGen      total 296448K, used 296245K [0x000000076b700000, 0x0000000783980000, 0x00000007c0000000)
  eden space 295424K, 99% used [0x000000076b700000,0x000000077d7570d8,0x000000077d780000)
  from space 1024K, 96% used [0x0000000783880000,0x0000000783976720,0x0000000783980000)
  to   space 10240K, 0% used [0x0000000782580000,0x0000000782580000,0x0000000782f80000)
 ParOldGen       total 161792K, used 18708K [0x00000006c2400000, 0x00000006cc200000, 0x000000076b700000)
  object space 161792K, 11% used [0x00000006c2400000,0x00000006c36453f8,0x00000006cc200000)
 Metaspace       used 43124K, capacity 45976K, committed 46208K, reserved 1089536K
  class space    used 5233K, capacity 5758K, committed 5760K, reserved 1048576K
Event: 52.490 GC heap after
Heap after GC invocations=35 (full 2):
 PSYoungGen      total 295936K, used 1190K [0x000000076b700000, 0x0000000783900000, 0x00000007c0000000)
  eden space 285696K, 0% used [0x000000076b700000,0x000000076b700000,0x000000077ce00000)
  from space 10240K, 11% used [0x0000000782580000,0x00000007826a99e8,0x0000000782f80000)
  to   space 9728K, 0% used [0x0000000782f80000,0x0000000782f80000,0x0000000783900000)
 ParOldGen       total 161792K, used 18740K [0x00000006c2400000, 0x00000006cc200000, 0x000000076b700000)
  object space 161792K, 11% used [0x00000006c2400000,0x00000006c364d3f8,0x00000006cc200000)
 Metaspace       used 43124K, capacity 45976K, committed 46208K, reserved 1089536K
  class space    used 5233K, capacity 5758K, committed 5760K, reserved 1048576K
}
Event: 56.001 GC heap before
{Heap before GC invocations=36 (full 2):
 PSYoungGen      total 295936K, used 286886K [0x000000076b700000, 0x0000000783900000, 0x00000007c0000000)
  eden space 285696K, 100% used [0x000000076b700000,0x000000077ce00000,0x000000077ce00000)
  from space 10240K, 11% used [0x0000000782580000,0x00000007826a99e8,0x0000000782f80000)
  to   space 9728K, 0% used [0x0000000782f80000,0x0000000782f80000,0x0000000783900000)
 ParOldGen       total 161792K, used 18740K [0x00000006c2400000, 0x00000006cc200000, 0x000000076b700000)
  object space 161792K, 11% used [0x00000006c2400000,0x00000006c364d3f8,0x00000006cc200000)
 Metaspace       used 43124K, capacity 45976K, committed 46208K, reserved 1089536K
  class space    used 5233K, capacity 5758K, committed 5760K, reserved 1048576K
Event: 56.004 GC heap after
Heap after GC invocations=36 (full 2):
 PSYoungGen      total 277504K, used 825K [0x000000076b700000, 0x0000000783080000, 0x00000007c0000000)
  eden space 276480K, 0% used [0x000000076b700000,0x000000076b700000,0x000000077c500000)
  from space 1024K, 80% used [0x0000000782f80000,0x000000078304e720,0x0000000783080000)
  to   space 9216K, 0% used [0x0000000781e80000,0x0000000781e80000,0x0000000782780000)
 ParOldGen       total 161792K, used 18764K [0x00000006c2400000, 0x00000006cc200000, 0x000000076b700000)
  object space 161792K, 11% used [0x00000006c2400000,0x00000006c36533f8,0x00000006cc200000)
 Metaspace       used 43124K, capacity 45976K, committed 46208K, reserved 1089536K
  class space    used 5233K, capacity 5758K, committed 5760K, reserved 1048576K
}

