# JRE version: Java(TM) SE Runtime Environment (8.0_201-b09) (build 1.8.0_201-b09)
# Java VM: Java HotSpot(TM) 64-Bit Server VM (25.201-b09 mixed mode windows-amd64 compressed oops)
Heap:
 PSYoungGen      total 51200K, used 31471K [0x000000076b700000, 0x000000076ee00000, 0x00000007c0000000)
  eden space 50176K, 60% used [0x000000076b700000,0x000000076d4d46c0,0x000000076e800000)
  from space 1024K, 90% used [0x000000076ed00000,0x000000076ede76e8,0x000000076ee00000)
  to   space 1536K, 0% used [0x000000076eb00000,0x000000076eb00000,0x000000076ec80000)
 ParOldGen       total 163328K, used 35728K [0x00000006c2400000, 0x00000006cc380000, 0x000000076b700000)
  object space 163328K, 21% used [0x00000006c2400000,0x00000006c46e40f0,0x00000006cc380000)
 Metaspace       used 46961K, capacity 50578K, committed 52352K, reserved 1095680K
  class space    used 5431K, capacity 6121K, committed 6528K, reserved 1048576K
GC Heap History (10 events):
Event: 108167.228 GC heap before
{Heap before GC invocations=2406 (full 34):
 PSYoungGen      total 53760K, used 53750K [0x000000076b700000, 0x000000076f000000, 0x00000007c0000000)
  eden space 52736K, 99% used [0x000000076b700000,0x000000076ea7f458,0x000000076ea80000)
  from space 1024K, 99% used [0x000000076ed80000,0x000000076ee7e660,0x000000076ee80000)
  to   space 1536K, 0% used [0x000000076ee80000,0x000000076ee80000,0x000000076f000000)
 ParOldGen       total 163328K, used 35447K [0x00000006c2400000, 0x00000006cc380000, 0x000000076b700000)
  object space 163328K, 21% used [0x00000006c2400000,0x00000006c469ded0,0x00000006cc380000)
 Metaspace       used 46959K, capacity 50578K, committed 52352K, reserved 1095680K
  class space    used 5431K, capacity 6121K, committed 6528K, reserved 1048576K
Event: 108167.230 GC heap after
Heap after GC invocations=2406 (full 34):
 PSYoungGen      total 53248K, used 985K [0x000000076b700000, 0x000000076ef80000, 0x00000007c0000000)
  eden space 52224K, 0% used [0x000000076b700000,0x000000076b700000,0x000000076ea00000)
  from space 1024K, 96% used [0x000000076ee80000,0x000000076ef76660,0x000000076ef80000)
  to   space 1536K, 0% used [0x000000076ec80000,0x000000076ec80000,0x000000076ee00000)
 ParOldGen       total 163328K, used 35495K [0x00000006c2400000, 0x00000006cc380000, 0x000000076b700000)
  object space 163328K, 21% used [0x00000006c2400000,0x00000006c46a9ed0,0x00000006cc380000)
 Metaspace       used 46959K, capacity 50578K, committed 52352K, reserved 1095680K
  class space    used 5431K, capacity 6121K, committed 6528K, reserved 1048576K
}
Event: 108167.466 GC heap before
{Heap before GC invocations=2407 (full 34):
 PSYoungGen      total 53248K, used 53205K [0x000000076b700000, 0x000000076ef80000, 0x00000007c0000000)
  eden space 52224K, 99% used [0x000000076b700000,0x000000076e9fef08,0x000000076ea00000)
  from space 1024K, 96% used [0x000000076ee80000,0x000000076ef76660,0x000000076ef80000)
  to   space 1536K, 0% used [0x000000076ec80000,0x000000076ec80000,0x000000076ee00000)
 ParOldGen       total 163328K, used 35495K [0x00000006c2400000, 0x00000006cc380000, 0x000000076b700000)
  object space 163328K, 21% used [0x00000006c2400000,0x00000006c46a9ed0,0x00000006cc380000)
 Metaspace       used 46959K, capacity 50578K, committed 52352K, reserved 1095680K
  class space    used 5431K, capacity 6121K, committed 6528K, reserved 1048576K
Event: 108167.468 GC heap after
Heap after GC invocations=2407 (full 34):
 PSYoungGen      total 52736K, used 921K [0x000000076b700000, 0x000000076ef00000, 0x00000007c0000000)
  eden space 51712K, 0% used [0x000000076b700000,0x000000076b700000,0x000000076e980000)
  from space 1024K, 89% used [0x000000076ec80000,0x000000076ed66660,0x000000076ed80000)
  to   space 1536K, 0% used [0x000000076ed80000,0x000000076ed80000,0x000000076ef00000)
 ParOldGen       total 163328K, used 35495K [0x00000006c2400000, 0x00000006cc380000, 0x000000076b700000)
  object space 163328K, 21% used [0x00000006c2400000,0x00000006c46a9ed0,0x00000006cc380000)
 Metaspace       used 46959K, capacity 50578K, committed 52352K, reserved 1095680K
  class space    used 5431K, capacity 6121K, committed 6528K, reserved 1048576K
}
Event: 108167.676 GC heap before
{Heap before GC invocations=2408 (full 34):
 PSYoungGen      total 52736K, used 52611K [0x000000076b700000, 0x000000076ef00000, 0x00000007c0000000)
  eden space 51712K, 99% used [0x000000076b700000,0x000000076e97a810,0x000000076e980000)
  from space 1024K, 89% used [0x000000076ec80000,0x000000076ed66660,0x000000076ed80000)
  to   space 1536K, 0% used [0x000000076ed80000,0x000000076ed80000,0x000000076ef00000)
 ParOldGen       total 163328K, used 35495K [0x00000006c2400000, 0x00000006cc380000, 0x000000076b700000)
  object space 163328K, 21% used [0x00000006c2400000,0x00000006c46a9ed0,0x00000006cc380000)
 Metaspace       used 46959K, capacity 50578K, committed 52352K, reserved 1095680K
  class space    used 5431K, capacity 6121K, committed 6528K, reserved 1048576K
Event: 108167.678 GC heap after
Heap after GC invocations=2408 (full 34):
 PSYoungGen      total 52224K, used 921K [0x000000076b700000, 0x000000076ee80000, 0x00000007c0000000)
  eden space 51200K, 0% used [0x000000076b700000,0x000000076b700000,0x000000076e900000)
  from space 1024K, 89% used [0x000000076ed80000,0x000000076ee66660,0x000000076ee80000)
  to   space 1536K, 0% used [0x000000076eb80000,0x000000076eb80000,0x000000076ed00000)
 ParOldGen       total 163328K, used 35495K [0x00000006c2400000, 0x00000006cc380000, 0x000000076b700000)
  object space 163328K, 21% used [0x00000006c2400000,0x00000006c46a9ed0,0x00000006cc380000)
 Metaspace       used 46959K, capacity 50578K, committed 52352K, reserved 1095680K
  class space    used 5431K, capacity 6121K, committed 6528K, reserved 1048576K
}
Event: 108167.895 GC heap before
{Heap before GC invocations=2409 (full 34):
 PSYoungGen      total 52224K, used 51970K [0x000000076b700000, 0x000000076ee80000, 0x00000007c0000000)
  eden space 51200K, 99% used [0x000000076b700000,0x000000076e8da288,0x000000076e900000)
  from space 1024K, 89% used [0x000000076ed80000,0x000000076ee66660,0x000000076ee80000)
  to   space 1536K, 0% used [0x000000076eb80000,0x000000076eb80000,0x000000076ed00000)
 ParOldGen       total 163328K, used 35495K [0x00000006c2400000, 0x00000006cc380000, 0x000000076b700000)
  object space 163328K, 21% used [0x00000006c2400000,0x00000006c46a9ed0,0x00000006cc380000)
 Metaspace       used 46959K, capacity 50578K, committed 52352K, reserved 1095680K
  class space    used 5431K, capacity 6121K, committed 6528K, reserved 1048576K
Event: 108167.897 GC heap after
Heap after GC invocations=2409 (full 34):
 PSYoungGen      total 52224K, used 1286K [0x000000076b700000, 0x000000076ee00000, 0x00000007c0000000)
  eden space 50688K, 0% used [0x000000076b700000,0x000000076b700000,0x000000076e880000)
  from space 1536K, 83% used [0x000000076eb80000,0x000000076ecc1908,0x000000076ed00000)
  to   space 1024K, 0% used [0x000000076ed00000,0x000000076ed00000,0x000000076ee00000)
 ParOldGen       total 163328K, used 35503K [0x00000006c2400000, 0x00000006cc380000, 0x000000076b700000)
  object space 163328K, 21% used [0x00000006c2400000,0x00000006c46abed0,0x00000006cc380000)
 Metaspace       used 46959K, capacity 50578K, committed 52352K, reserved 1095680K
  class space    used 5431K, capacity 6121K, committed 6528K, reserved 1048576K
}
Event: 108168.145 GC heap before
{Heap before GC invocations=2410 (full 34):
 PSYoungGen      total 52224K, used 51881K [0x000000076b700000, 0x000000076ee00000, 0x00000007c0000000)
  eden space 50688K, 99% used [0x000000076b700000,0x000000076e868da0,0x000000076e880000)
  from space 1536K, 83% used [0x000000076eb80000,0x000000076ecc1908,0x000000076ed00000)
  to   space 1024K, 0% used [0x000000076ed00000,0x000000076ed00000,0x000000076ee00000)
 ParOldGen       total 163328K, used 35503K [0x00000006c2400000, 0x00000006cc380000, 0x000000076b700000)
  object space 163328K, 21% used [0x00000006c2400000,0x00000006c46abed0,0x00000006cc380000)
 Metaspace       used 46959K, capacity 50578K, committed 52352K, reserved 1095680K
  class space    used 5431K, capacity 6121K, committed 6528K, reserved 1048576K
Event: 108168.148 GC heap after
Heap after GC invocations=2410 (full 34):
 PSYoungGen      total 51200K, used 925K [0x000000076b700000, 0x000000076ee00000, 0x00000007c0000000)
  eden space 50176K, 0% used [0x000000076b700000,0x000000076b700000,0x000000076e800000)
  from space 1024K, 90% used [0x000000076ed00000,0x000000076ede76e8,0x000000076ee00000)
  to   space 1536K, 0% used [0x000000076eb00000,0x000000076eb00000,0x000000076ec80000)
 ParOldGen       total 163328K, used 35728K [0x00000006c2400000, 0x00000006cc380000, 0x000000076b700000)
  object space 163328K, 21% used [0x00000006c2400000,0x00000006c46e40f0,0x00000006cc380000)
 Metaspace       used 46959K, capacity 50578K, committed 52352K, reserved 1095680K
  class space    used 5431K, capacity 6121K, committed 6528K, reserved 1048576K
}

