# JRE version: Java(TM) SE Runtime Environment (8.0_201-b09) (build 1.8.0_201-b09)
# Java VM: Java HotSpot(TM) 64-Bit Server VM (25.201-b09 mixed mode windows-amd64 compressed oops)
Heap:
 PSYoungGen      total 92160K, used 49436K [0x000000076b700000, 0x0000000779380000, 0x00000007c0000000)
  eden space 91136K, 53% used [0x000000076b700000,0x000000076e648a10,0x0000000771000000)
  from space 1024K, 99% used [0x0000000779280000,0x000000077937e658,0x0000000779380000)
  to   space 1536K, 0% used [0x0000000779080000,0x0000000779080000,0x0000000779200000)
 ParOldGen       total 169472K, used 45708K [0x00000006c2400000, 0x00000006cc980000, 0x000000076b700000)
  object space 169472K, 26% used [0x00000006c2400000,0x00000006c50a3150,0x00000006cc980000)
 Metaspace       used 43312K, capacity 46161K, committed 46336K, reserved 1089536K
  class space    used 5242K, capacity 5783K, committed 5888K, reserved 1048576K
GC Heap History (10 events):
Event: 1871.508 GC heap before
{Heap before GC invocations=544 (full 2):
 PSYoungGen      total 99840K, used 99558K [0x000000076b700000, 0x0000000779500000, 0x00000007c0000000)
  eden space 98816K, 99% used [0x000000076b700000,0x000000077176b270,0x0000000771780000)
  from space 1024K, 80% used [0x0000000779300000,0x00000007793ce720,0x0000000779400000)
  to   space 1024K, 0% used [0x0000000779400000,0x0000000779400000,0x0000000779500000)
 ParOldGen       total 169472K, used 45391K [0x00000006c2400000, 0x00000006cc980000, 0x000000076b700000)
  object space 169472K, 26% used [0x00000006c2400000,0x00000006c5053dc0,0x00000006cc980000)
 Metaspace       used 43292K, capacity 46127K, committed 46208K, reserved 1089536K
  class space    used 5239K, capacity 5750K, committed 5760K, reserved 1048576K
Event: 1871.510 GC heap after
Heap after GC invocations=544 (full 2):
 PSYoungGen      total 98304K, used 857K [0x000000076b700000, 0x0000000779500000, 0x00000007c0000000)
  eden space 97280K, 0% used [0x000000076b700000,0x000000076b700000,0x0000000771600000)
  from space 1024K, 83% used [0x0000000779400000,0x00000007794d6720,0x0000000779500000)
  to   space 1536K, 0% used [0x0000000779200000,0x0000000779200000,0x0000000779380000)
 ParOldGen       total 169472K, used 45391K [0x00000006c2400000, 0x00000006cc980000, 0x000000076b700000)
  object space 169472K, 26% used [0x00000006c2400000,0x00000006c5053dc0,0x00000006cc980000)
 Metaspace       used 43292K, capacity 46127K, committed 46208K, reserved 1089536K
  class space    used 5239K, capacity 5750K, committed 5760K, reserved 1048576K
}
Event: 1871.994 GC heap before
{Heap before GC invocations=545 (full 2):
 PSYoungGen      total 98304K, used 98068K [0x000000076b700000, 0x0000000779500000, 0x00000007c0000000)
  eden space 97280K, 99% used [0x000000076b700000,0x00000007715eea60,0x0000000771600000)
  from space 1024K, 83% used [0x0000000779400000,0x00000007794d6720,0x0000000779500000)
  to   space 1536K, 0% used [0x0000000779200000,0x0000000779200000,0x0000000779380000)
 ParOldGen       total 169472K, used 45391K [0x00000006c2400000, 0x00000006cc980000, 0x000000076b700000)
  object space 169472K, 26% used [0x00000006c2400000,0x00000006c5053dc0,0x00000006cc980000)
 Metaspace       used 43292K, capacity 46127K, committed 46208K, reserved 1089536K
  class space    used 5239K, capacity 5750K, committed 5760K, reserved 1048576K
Event: 1871.996 GC heap after
Heap after GC invocations=545 (full 2):
 PSYoungGen      total 96768K, used 953K [0x000000076b700000, 0x0000000779480000, 0x00000007c0000000)
  eden space 95744K, 0% used [0x000000076b700000,0x000000076b700000,0x0000000771480000)
  from space 1024K, 93% used [0x0000000779200000,0x00000007792ee720,0x0000000779300000)
  to   space 1536K, 0% used [0x0000000779300000,0x0000000779300000,0x0000000779480000)
 ParOldGen       total 169472K, used 45391K [0x00000006c2400000, 0x00000006cc980000, 0x000000076b700000)
  object space 169472K, 26% used [0x00000006c2400000,0x00000006c5053dc0,0x00000006cc980000)
 Metaspace       used 43292K, capacity 46127K, committed 46208K, reserved 1089536K
  class space    used 5239K, capacity 5750K, committed 5760K, reserved 1048576K
}
Event: 1872.584 GC heap before
{Heap before GC invocations=546 (full 2):
 PSYoungGen      total 96768K, used 96602K [0x000000076b700000, 0x0000000779480000, 0x00000007c0000000)
  eden space 95744K, 99% used [0x000000076b700000,0x00000007714680f8,0x0000000771480000)
  from space 1024K, 93% used [0x0000000779200000,0x00000007792ee720,0x0000000779300000)
  to   space 1536K, 0% used [0x0000000779300000,0x0000000779300000,0x0000000779480000)
 ParOldGen       total 169472K, used 45391K [0x00000006c2400000, 0x00000006cc980000, 0x000000076b700000)
  object space 169472K, 26% used [0x00000006c2400000,0x00000006c5053dc0,0x00000006cc980000)
 Metaspace       used 43292K, capacity 46127K, committed 46208K, reserved 1089536K
  class space    used 5239K, capacity 5750K, committed 5760K, reserved 1048576K
Event: 1872.586 GC heap after
Heap after GC invocations=546 (full 2):
 PSYoungGen      total 95744K, used 1090K [0x000000076b700000, 0x0000000779480000, 0x00000007c0000000)
  eden space 94208K, 0% used [0x000000076b700000,0x000000076b700000,0x0000000771300000)
  from space 1536K, 70% used [0x0000000779300000,0x0000000779410980,0x0000000779480000)
  to   space 1536K, 0% used [0x0000000779180000,0x0000000779180000,0x0000000779300000)
 ParOldGen       total 169472K, used 45391K [0x00000006c2400000, 0x00000006cc980000, 0x000000076b700000)
  object space 169472K, 26% used [0x00000006c2400000,0x00000006c5053dc0,0x00000006cc980000)
 Metaspace       used 43292K, capacity 46127K, committed 46208K, reserved 1089536K
  class space    used 5239K, capacity 5750K, committed 5760K, reserved 1048576K
}
Event: 1873.082 GC heap before
{Heap before GC invocations=547 (full 2):
 PSYoungGen      total 95744K, used 95298K [0x000000076b700000, 0x0000000779480000, 0x00000007c0000000)
  eden space 94208K, 100% used [0x000000076b700000,0x0000000771300000,0x0000000771300000)
  from space 1536K, 70% used [0x0000000779300000,0x0000000779410980,0x0000000779480000)
  to   space 1536K, 0% used [0x0000000779180000,0x0000000779180000,0x0000000779300000)
 ParOldGen       total 169472K, used 45391K [0x00000006c2400000, 0x00000006cc980000, 0x000000076b700000)
  object space 169472K, 26% used [0x00000006c2400000,0x00000006c5053dc0,0x00000006cc980000)
 Metaspace       used 43292K, capacity 46127K, committed 46208K, reserved 1089536K
  class space    used 5239K, capacity 5750K, committed 5760K, reserved 1048576K
Event: 1873.084 GC heap after
Heap after GC invocations=547 (full 2):
 PSYoungGen      total 93696K, used 793K [0x000000076b700000, 0x0000000779380000, 0x00000007c0000000)
  eden space 92672K, 0% used [0x000000076b700000,0x000000076b700000,0x0000000771180000)
  from space 1024K, 77% used [0x0000000779180000,0x0000000779246720,0x0000000779280000)
  to   space 1024K, 0% used [0x0000000779280000,0x0000000779280000,0x0000000779380000)
 ParOldGen       total 169472K, used 45391K [0x00000006c2400000, 0x00000006cc980000, 0x000000076b700000)
  object space 169472K, 26% used [0x00000006c2400000,0x00000006c5053dc0,0x00000006cc980000)
 Metaspace       used 43292K, capacity 46127K, committed 46208K, reserved 1089536K
  class space    used 5239K, capacity 5750K, committed 5760K, reserved 1048576K
}
Event: 1873.529 GC heap before
{Heap before GC invocations=548 (full 2):
 PSYoungGen      total 93696K, used 93441K [0x000000076b700000, 0x0000000779380000, 0x00000007c0000000)
  eden space 92672K, 99% used [0x000000076b700000,0x0000000771179f60,0x0000000771180000)
  from space 1024K, 77% used [0x0000000779180000,0x0000000779246720,0x0000000779280000)
  to   space 1024K, 0% used [0x0000000779280000,0x0000000779280000,0x0000000779380000)
 ParOldGen       total 169472K, used 45391K [0x00000006c2400000, 0x00000006cc980000, 0x000000076b700000)
  object space 169472K, 26% used [0x00000006c2400000,0x00000006c5053dc0,0x00000006cc980000)
 Metaspace       used 43302K, capacity 46159K, committed 46336K, reserved 1089536K
  class space    used 5241K, capacity 5782K, committed 5888K, reserved 1048576K
Event: 1873.531 GC heap after
Heap after GC invocations=548 (full 2):
 PSYoungGen      total 92160K, used 1017K [0x000000076b700000, 0x0000000779380000, 0x00000007c0000000)
  eden space 91136K, 0% used [0x000000076b700000,0x000000076b700000,0x0000000771000000)
  from space 1024K, 99% used [0x0000000779280000,0x000000077937e658,0x0000000779380000)
  to   space 1536K, 0% used [0x0000000779080000,0x0000000779080000,0x0000000779200000)
 ParOldGen       total 169472K, used 45708K [0x00000006c2400000, 0x00000006cc980000, 0x000000076b700000)
  object space 169472K, 26% used [0x00000006c2400000,0x00000006c50a3150,0x00000006cc980000)
 Metaspace       used 43302K, capacity 46159K, committed 46336K, reserved 1089536K
  class space    used 5241K, capacity 5782K, committed 5888K, reserved 1048576K
}

